# JRE version: Java(TM) SE Runtime Environment (8.0_65-b17) (build 1.8.0_65-b17)
# Java VM: Java HotSpot(TM) 64-Bit Server VM (25.65-b01 mixed mode windows-amd64 compressed oops)
Heap:
 PSYoungGen      total 232960K, used 135500K [0x00000000eab00000, 0x0000000100000000, 0x0000000100000000)
  eden space 116736K, 99% used [0x00000000eab00000,0x00000000f1cb33e8,0x00000000f1d00000)
  from space 116224K, 16% used [0x00000000f1d00000,0x00000000f2fa0000,0x00000000f8e80000)
  to   space 116224K, 0% used [0x00000000f8e80000,0x00000000f8e80000,0x0000000100000000)
 ParOldGen       total 613376K, used 455315K [0x00000000c0000000, 0x00000000e5700000, 0x00000000eab00000)
  object space 613376K, 74% used [0x00000000c0000000,0x00000000dbca4f08,0x00000000e5700000)
 Metaspace       used 6774K, capacity 7384K, committed 7680K, reserved 1056768K
  class space    used 634K, capacity 656K, committed 768K, reserved 1048576K
GC Heap History (10 events):
Event: 39.500 GC heap before
{Heap before GC invocations=29 (full 5):
 PSYoungGen      total 232960K, used 153785K [0x00000000eab00000, 0x0000000100000000, 0x0000000100000000)
  eden space 116736K, 100% used [0x00000000eab00000,0x00000000f1d00000,0x00000000f1d00000)
  from space 116224K, 31% used [0x00000000f1d00000,0x00000000f412e5f8,0x00000000f8e80000)
  to   space 116224K, 0% used [0x00000000f8e80000,0x00000000f8e80000,0x0000000100000000)
 ParOldGen       total 468992K, used 365189K [0x00000000c0000000, 0x00000000dca00000, 0x00000000eab00000)
  object space 468992K, 77% used [0x00000000c0000000,0x00000000d64a17a0,0x00000000dca00000)
 Metaspace       used 6673K, capacity 7320K, committed 7680K, reserved 1056768K
  class space    used 628K, capacity 656K, committed 768K, reserved 1048576K
Event: 39.672 GC heap after
Heap after GC invocations=29 (full 5):
 PSYoungGen      total 232960K, used 17585K [0x00000000eab00000, 0x0000000100000000, 0x0000000100000000)
  eden space 116736K, 0% used [0x00000000eab00000,0x00000000eab00000,0x00000000f1d00000)
  from space 116224K, 15% used [0x00000000f8e80000,0x00000000f9fac538,0x0000000100000000)
  to   space 116224K, 0% used [0x00000000f1d00000,0x00000000f1d00000,0x00000000f8e80000)
 ParOldGen       total 468992K, used 401200K [0x00000000c0000000, 0x00000000dca00000, 0x00000000eab00000)
  object space 468992K, 85% used [0x00000000c0000000,0x00000000d87cc1b8,0x00000000dca00000)
 Metaspace       used 6673K, capacity 7320K, committed 7680K, reserved 1056768K
  class space    used 628K, capacity 656K, committed 768K, reserved 1048576K
}
Event: 41.090 GC heap before
{Heap before GC invocations=30 (full 5):
 PSYoungGen      total 232960K, used 134321K [0x00000000eab00000, 0x0000000100000000, 0x0000000100000000)
  eden space 116736K, 100% used [0x00000000eab00000,0x00000000f1d00000,0x00000000f1d00000)
  from space 116224K, 15% used [0x00000000f8e80000,0x00000000f9fac538,0x0000000100000000)
  to   space 116224K, 0% used [0x00000000f1d00000,0x00000000f1d00000,0x00000000f8e80000)
 ParOldGen       total 468992K, used 401200K [0x00000000c0000000, 0x00000000dca00000, 0x00000000eab00000)
  object space 468992K, 85% used [0x00000000c0000000,0x00000000d87cc1b8,0x00000000dca00000)
 Metaspace       used 6676K, capacity 7320K, committed 7680K, reserved 1056768K
  class space    used 628K, capacity 656K, committed 768K, reserved 1048576K
Event: 41.189 GC heap after
Heap after GC invocations=30 (full 5):
 PSYoungGen      total 232960K, used 19020K [0x00000000eab00000, 0x0000000100000000, 0x0000000100000000)
  eden space 116736K, 0% used [0x00000000eab00000,0x00000000eab00000,0x00000000f1d00000)
  from space 116224K, 16% used [0x00000000f1d00000,0x00000000f2f931e8,0x00000000f8e80000)
  to   space 116224K, 0% used [0x00000000f8e80000,0x00000000f8e80000,0x0000000100000000)
 ParOldGen       total 468992K, used 418119K [0x00000000c0000000, 0x00000000dca00000, 0x00000000eab00000)
  object space 468992K, 89% used [0x00000000c0000000,0x00000000d9851ca0,0x00000000dca00000)
 Metaspace       used 6676K, capacity 7320K, committed 7680K, reserved 1056768K
  class space    used 628K, capacity 656K, committed 768K, reserved 1048576K
}
Event: 42.031 GC heap before
{Heap before GC invocations=31 (full 5):
 PSYoungGen      total 232960K, used 135756K [0x00000000eab00000, 0x0000000100000000, 0x0000000100000000)
  eden space 116736K, 100% used [0x00000000eab00000,0x00000000f1d00000,0x00000000f1d00000)
  from space 116224K, 16% used [0x00000000f1d00000,0x00000000f2f931e8,0x00000000f8e80000)
  to   space 116224K, 0% used [0x00000000f8e80000,0x00000000f8e80000,0x0000000100000000)
 ParOldGen       total 468992K, used 418119K [0x00000000c0000000, 0x00000000dca00000, 0x00000000eab00000)
  object space 468992K, 89% used [0x00000000c0000000,0x00000000d9851ca0,0x00000000dca00000)
 Metaspace       used 6676K, capacity 7320K, committed 7680K, reserved 1056768K
  class space    used 628K, capacity 656K, committed 768K, reserved 1048576K
Event: 42.160 GC heap after
Heap after GC invocations=31 (full 5):
 PSYoungGen      total 232960K, used 20371K [0x00000000eab00000, 0x0000000100000000, 0x0000000100000000)
  eden space 116736K, 0% used [0x00000000eab00000,0x00000000eab00000,0x00000000f1d00000)
  from space 116224K, 17% used [0x00000000f8e80000,0x00000000fa264e60,0x0000000100000000)
  to   space 116224K, 0% used [0x00000000f1d00000,0x00000000f1d00000,0x00000000f8e80000)
 ParOldGen       total 468992K, used 436408K [0x00000000c0000000, 0x00000000dca00000, 0x00000000eab00000)
  object space 468992K, 93% used [0x00000000c0000000,0x00000000daa2e0a0,0x00000000dca00000)
 Metaspace       used 6676K, capacity 7320K, committed 7680K, reserved 1056768K
  class space    used 628K, capacity 656K, committed 768K, reserved 1048576K
}
Event: 42.160 GC heap before
{Heap before GC invocations=32 (full 6):
 PSYoungGen      total 232960K, used 20371K [0x00000000eab00000, 0x0000000100000000, 0x0000000100000000)
  eden space 116736K, 0% used [0x00000000eab00000,0x00000000eab00000,0x00000000f1d00000)
  from space 116224K, 17% used [0x00000000f8e80000,0x00000000fa264e60,0x0000000100000000)
  to   space 116224K, 0% used [0x00000000f1d00000,0x00000000f1d00000,0x00000000f8e80000)
 ParOldGen       total 468992K, used 436408K [0x00000000c0000000, 0x00000000dca00000, 0x00000000eab00000)
  object space 468992K, 93% used [0x00000000c0000000,0x00000000daa2e0a0,0x00000000dca00000)
 Metaspace       used 6676K, capacity 7320K, committed 7680K, reserved 1056768K
  class space    used 628K, capacity 656K, committed 768K, reserved 1048576K
Event: 45.232 GC heap after
Heap after GC invocations=32 (full 6):
 PSYoungGen      total 232960K, used 0K [0x00000000eab00000, 0x0000000100000000, 0x0000000100000000)
  eden space 116736K, 0% used [0x00000000eab00000,0x00000000eab00000,0x00000000f1d00000)
  from space 116224K, 0% used [0x00000000f8e80000,0x00000000f8e80000,0x0000000100000000)
  to   space 116224K, 0% used [0x00000000f1d00000,0x00000000f1d00000,0x00000000f8e80000)
 ParOldGen       total 613376K, used 455315K [0x00000000c0000000, 0x00000000e5700000, 0x00000000eab00000)
  object space 613376K, 74% used [0x00000000c0000000,0x00000000dbca4f08,0x00000000e5700000)
 Metaspace       used 6676K, capacity 7320K, committed 7680K, reserved 1056768K
  class space    used 628K, capacity 656K, committed 768K, reserved 1048576K
}
Event: 46.032 GC heap before
{Heap before GC invocations=33 (full 6):
 PSYoungGen      total 232960K, used 116736K [0x00000000eab00000, 0x0000000100000000, 0x0000000100000000)
  eden space 116736K, 100% used [0x00000000eab00000,0x00000000f1d00000,0x00000000f1d00000)
  from space 116224K, 0% used [0x00000000f8e80000,0x00000000f8e80000,0x0000000100000000)
  to   space 116224K, 0% used [0x00000000f1d00000,0x00000000f1d00000,0x00000000f8e80000)
 ParOldGen       total 613376K, used 455315K [0x00000000c0000000, 0x00000000e5700000, 0x00000000eab00000)
  object space 613376K, 74% used [0x00000000c0000000,0x00000000dbca4f08,0x00000000e5700000)
 Metaspace       used 6676K, capacity 7320K, committed 7680K, reserved 1056768K
  class space    used 628K, capacity 656K, committed 768K, reserved 1048576K
Event: 46.115 GC heap after
Heap after GC invocations=33 (full 6):
 PSYoungGen      total 232960K, used 19072K [0x00000000eab00000, 0x0000000100000000, 0x0000000100000000)
  eden space 116736K, 0% used [0x00000000eab00000,0x00000000eab00000,0x00000000f1d00000)
  from space 116224K, 16% used [0x00000000f1d00000,0x00000000f2fa0000,0x00000000f8e80000)
  to   space 116224K, 0% used [0x00000000f8e80000,0x00000000f8e80000,0x0000000100000000)
 ParOldGen       total 613376K, used 455315K [0x00000000c0000000, 0x00000000e5700000, 0x00000000eab00000)
  object space 613376K, 74% used [0x00000000c0000000,0x00000000dbca4f08,0x00000000e5700000)
 Metaspace       used 6676K, capacity 7320K, committed 7680K, reserved 1056768K
  class space    used 628K, capacity 656K, committed 768K, reserved 1048576K
}

