# JRE version: Java(TM) SE Runtime Environment (8.0_65-b17) (build 1.8.0_65-b17)
# Java VM: Java HotSpot(TM) 64-Bit Server VM (25.65-b01 mixed mode windows-amd64 compressed oops)
Heap:
 PSYoungGen      total 285184K, used 109991K [0x00000000eab00000, 0x0000000100000000, 0x0000000100000000)
  eden space 221184K, 33% used [0x00000000eab00000,0x00000000ef281f20,0x00000000f8300000)
  from space 64000K, 57% used [0x00000000f8300000,0x00000000fa6e7e38,0x00000000fc180000)
  to   space 64000K, 0% used [0x00000000fc180000,0x00000000fc180000,0x0000000100000000)
 ParOldGen       total 238592K, used 153392K [0x00000000c0000000, 0x00000000ce900000, 0x00000000eab00000)
  object space 238592K, 64% used [0x00000000c0000000,0x00000000c95cc3b8,0x00000000ce900000)
 Metaspace       used 6634K, capacity 7320K, committed 7680K, reserved 1056768K
  class space    used 627K, capacity 656K, committed 768K, reserved 1048576K
GC Heap History (10 events):
Event: 12.514 GC heap before
{Heap before GC invocations=12 (full 2):
 PSYoungGen      total 219648K, used 21475K [0x00000000eab00000, 0x00000000ffa80000, 0x0000000100000000)
  eden space 198144K, 0% used [0x00000000eab00000,0x00000000eab00000,0x00000000f6c80000)
  from space 21504K, 99% used [0x00000000f9c00000,0x00000000fb0f8f68,0x00000000fb100000)
  to   space 48640K, 0% used [0x00000000f6c80000,0x00000000f6c80000,0x00000000f9c00000)
 ParOldGen       total 88064K, used 87607K [0x00000000c0000000, 0x00000000c5600000, 0x00000000eab00000)
  object space 88064K, 99% used [0x00000000c0000000,0x00000000c558ddb0,0x00000000c5600000)
 Metaspace       used 6607K, capacity 7256K, committed 7424K, reserved 1056768K
  class space    used 625K, capacity 656K, committed 768K, reserved 1048576K
Event: 14.041 GC heap after
Heap after GC invocations=12 (full 2):
 PSYoungGen      total 219648K, used 17302K [0x00000000eab00000, 0x00000000ffa80000, 0x0000000100000000)
  eden space 198144K, 0% used [0x00000000eab00000,0x00000000eab00000,0x00000000f6c80000)
  from space 21504K, 80% used [0x00000000f9c00000,0x00000000face5a88,0x00000000fb100000)
  to   space 48640K, 0% used [0x00000000f6c80000,0x00000000f6c80000,0x00000000f9c00000)
 ParOldGen       total 153600K, used 87559K [0x00000000c0000000, 0x00000000c9600000, 0x00000000eab00000)
  object space 153600K, 57% used [0x00000000c0000000,0x00000000c5581ea0,0x00000000c9600000)
 Metaspace       used 6607K, capacity 7256K, committed 7424K, reserved 1056768K
  class space    used 625K, capacity 656K, committed 768K, reserved 1048576K
}
Event: 15.205 GC heap before
{Heap before GC invocations=13 (full 2):
 PSYoungGen      total 219648K, used 215446K [0x00000000eab00000, 0x00000000ffa80000, 0x0000000100000000)
  eden space 198144K, 100% used [0x00000000eab00000,0x00000000f6c80000,0x00000000f6c80000)
  from space 21504K, 80% used [0x00000000f9c00000,0x00000000face5a88,0x00000000fb100000)
  to   space 48640K, 0% used [0x00000000f6c80000,0x00000000f6c80000,0x00000000f9c00000)
 ParOldGen       total 153600K, used 87559K [0x00000000c0000000, 0x00000000c9600000, 0x00000000eab00000)
  object space 153600K, 57% used [0x00000000c0000000,0x00000000c5581ea0,0x00000000c9600000)
 Metaspace       used 6620K, capacity 7320K, committed 7680K, reserved 1056768K
  class space    used 626K, capacity 656K, committed 768K, reserved 1048576K
Event: 15.410 GC heap after
Heap after GC invocations=13 (full 2):
 PSYoungGen      total 246784K, used 31261K [0x00000000eab00000, 0x00000000ff600000, 0x0000000100000000)
  eden space 198144K, 0% used [0x00000000eab00000,0x00000000eab00000,0x00000000f6c80000)
  from space 48640K, 64% used [0x00000000f6c80000,0x00000000f8b076e8,0x00000000f9c00000)
  to   space 50688K, 0% used [0x00000000fc480000,0x00000000fc480000,0x00000000ff600000)
 ParOldGen       total 153600K, used 96542K [0x00000000c0000000, 0x00000000c9600000, 0x00000000eab00000)
  object space 153600K, 62% used [0x00000000c0000000,0x00000000c5e47838,0x00000000c9600000)
 Metaspace       used 6620K, capacity 7320K, committed 7680K, reserved 1056768K
  class space    used 626K, capacity 656K, committed 768K, reserved 1048576K
}
Event: 17.325 GC heap before
{Heap before GC invocations=14 (full 2):
 PSYoungGen      total 246784K, used 229405K [0x00000000eab00000, 0x00000000ff600000, 0x0000000100000000)
  eden space 198144K, 100% used [0x00000000eab00000,0x00000000f6c80000,0x00000000f6c80000)
  from space 48640K, 64% used [0x00000000f6c80000,0x00000000f8b076e8,0x00000000f9c00000)
  to   space 50688K, 0% used [0x00000000fc480000,0x00000000fc480000,0x00000000ff600000)
 ParOldGen       total 153600K, used 96542K [0x00000000c0000000, 0x00000000c9600000, 0x00000000eab00000)
  object space 153600K, 62% used [0x00000000c0000000,0x00000000c5e47838,0x00000000c9600000)
 Metaspace       used 6627K, capacity 7320K, committed 7680K, reserved 1056768K
  class space    used 626K, capacity 656K, committed 768K, reserved 1048576K
Event: 17.564 GC heap after
Heap after GC invocations=14 (full 2):
 PSYoungGen      total 271872K, used 50678K [0x00000000eab00000, 0x0000000100000000, 0x0000000100000000)
  eden space 221184K, 0% used [0x00000000eab00000,0x00000000eab00000,0x00000000f8300000)
  from space 50688K, 99% used [0x00000000fc480000,0x00000000ff5fd9d0,0x00000000ff600000)
  to   space 64000K, 0% used [0x00000000f8300000,0x00000000f8300000,0x00000000fc180000)
 ParOldGen       total 153600K, used 108199K [0x00000000c0000000, 0x00000000c9600000, 0x00000000eab00000)
  object space 153600K, 70% used [0x00000000c0000000,0x00000000c69a9da8,0x00000000c9600000)
 Metaspace       used 6627K, capacity 7320K, committed 7680K, reserved 1056768K
  class space    used 626K, capacity 656K, committed 768K, reserved 1048576K
}
Event: 20.019 GC heap before
{Heap before GC invocations=15 (full 2):
 PSYoungGen      total 271872K, used 271862K [0x00000000eab00000, 0x0000000100000000, 0x0000000100000000)
  eden space 221184K, 100% used [0x00000000eab00000,0x00000000f8300000,0x00000000f8300000)
  from space 50688K, 99% used [0x00000000fc480000,0x00000000ff5fd9d0,0x00000000ff600000)
  to   space 64000K, 0% used [0x00000000f8300000,0x00000000f8300000,0x00000000fc180000)
 ParOldGen       total 153600K, used 108199K [0x00000000c0000000, 0x00000000c9600000, 0x00000000eab00000)
  object space 153600K, 70% used [0x00000000c0000000,0x00000000c69a9da8,0x00000000c9600000)
 Metaspace       used 6633K, capacity 7320K, committed 7680K, reserved 1056768K
  class space    used 627K, capacity 656K, committed 768K, reserved 1048576K
Event: 20.243 GC heap after
Heap after GC invocations=15 (full 2):
 PSYoungGen      total 285184K, used 63998K [0x00000000eab00000, 0x0000000100000000, 0x0000000100000000)
  eden space 221184K, 0% used [0x00000000eab00000,0x00000000eab00000,0x00000000f8300000)
  from space 64000K, 99% used [0x00000000f8300000,0x00000000fc17f8d0,0x00000000fc180000)
  to   space 64000K, 0% used [0x00000000fc180000,0x00000000fc180000,0x0000000100000000)
 ParOldGen       total 153600K, used 130837K [0x00000000c0000000, 0x00000000c9600000, 0x00000000eab00000)
  object space 153600K, 85% used [0x00000000c0000000,0x00000000c7fc54e8,0x00000000c9600000)
 Metaspace       used 6633K, capacity 7320K, committed 7680K, reserved 1056768K
  class space    used 627K, capacity 656K, committed 768K, reserved 1048576K
}
Event: 20.243 GC heap before
{Heap before GC invocations=16 (full 3):
 PSYoungGen      total 285184K, used 63998K [0x00000000eab00000, 0x0000000100000000, 0x0000000100000000)
  eden space 221184K, 0% used [0x00000000eab00000,0x00000000eab00000,0x00000000f8300000)
  from space 64000K, 99% used [0x00000000f8300000,0x00000000fc17f8d0,0x00000000fc180000)
  to   space 64000K, 0% used [0x00000000fc180000,0x00000000fc180000,0x0000000100000000)
 ParOldGen       total 153600K, used 130837K [0x00000000c0000000, 0x00000000c9600000, 0x00000000eab00000)
  object space 153600K, 85% used [0x00000000c0000000,0x00000000c7fc54e8,0x00000000c9600000)
 Metaspace       used 6633K, capacity 7320K, committed 7680K, reserved 1056768K
  class space    used 627K, capacity 656K, committed 768K, reserved 1048576K
Event: 21.890 GC heap after
Heap after GC invocations=16 (full 3):
 PSYoungGen      total 285184K, used 36767K [0x00000000eab00000, 0x0000000100000000, 0x0000000100000000)
  eden space 221184K, 0% used [0x00000000eab00000,0x00000000eab00000,0x00000000f8300000)
  from space 64000K, 57% used [0x00000000f8300000,0x00000000fa6e7e38,0x00000000fc180000)
  to   space 64000K, 0% used [0x00000000fc180000,0x00000000fc180000,0x0000000100000000)
 ParOldGen       total 238592K, used 153392K [0x00000000c0000000, 0x00000000ce900000, 0x00000000eab00000)
  object space 238592K, 64% used [0x00000000c0000000,0x00000000c95cc3b8,0x00000000ce900000)
 Metaspace       used 6633K, capacity 7320K, committed 7680K, reserved 1056768K
  class space    used 627K, capacity 656K, committed 768K, reserved 1048576K
}

